2026-04-24 20:17:56,149 [INFO] Ingesting file: data/marks.csv
2026-04-24 20:18:02,202 [INFO] Ingesting file: data/marks.csv
2026-04-24 20:18:31,399 [INFO] Ingesting file: data/marks.csv
2026-04-24 20:19:03,327 [INFO] Ingesting file: data/marks.csv
2026-04-24 20:19:03,330 [INFO] Loaded 11 raw records from data/marks.csv
2026-04-24 20:19:03,331 [WARNING] Roll 104 rejected — ['invalid mark in math: -5']
2026-04-24 20:19:03,331 [WARNING] Roll 105 rejected — ['missing mark: physics']
2026-04-24 20:19:03,331 [WARNING] Roll 101 rejected — ['duplicate roll number']
2026-04-24 20:19:03,343 [INFO] Data saved to db/results.db
2026-04-24 20:19:03,347 [INFO] Post-processing validation passed.
2026-04-24 20:19:10,598 [INFO] Ingesting file: data/marks.csv
2026-04-24 20:19:10,599 [INFO] Loaded 11 raw records from data/marks.csv
2026-04-24 20:19:10,600 [WARNING] Roll 104 rejected — ['invalid mark in math: -5']
2026-04-24 20:19:10,600 [WARNING] Roll 105 rejected — ['missing mark: physics']
2026-04-24 20:19:10,600 [WARNING] Roll 101 rejected — ['duplicate roll number']
2026-04-24 20:19:10,608 [INFO] Data saved to db/results.db
2026-04-24 20:19:10,611 [INFO] Post-processing validation passed.
2026-04-24 20:22:33,487 [INFO] Ingesting file: data/marks.csv
2026-04-24 20:22:33,488 [INFO] Loaded 11 raw records from data/marks.csv
2026-04-24 20:22:33,488 [WARNING] Roll 104 rejected — ['invalid mark in math: -5']
2026-04-24 20:22:33,488 [WARNING] Roll 105 rejected — ['missing mark: physics']
2026-04-24 20:22:33,488 [WARNING] Roll 101 rejected — ['duplicate roll number']
2026-04-24 20:22:33,496 [INFO] SQLite: data saved to db/results.db
2026-04-24 20:22:33,513 [ERROR] MySQL save failed: 'cryptography' package is required for sha256_password or caching_sha2_password auth methods
2026-04-24 20:22:33,523 [INFO] Post-processing validation passed.
2026-04-24 20:23:44,138 [INFO] Ingesting file: data/marks.csv
2026-04-24 20:23:44,139 [INFO] Loaded 11 raw records from data/marks.csv
2026-04-24 20:23:44,139 [WARNING] Roll 104 rejected — ['invalid mark in math: -5']
2026-04-24 20:23:44,139 [WARNING] Roll 105 rejected — ['missing mark: physics']
2026-04-24 20:23:44,139 [WARNING] Roll 101 rejected — ['duplicate roll number']
2026-04-24 20:23:44,147 [INFO] SQLite: data saved to db/results.db
2026-04-24 20:23:44,158 [ERROR] MySQL save failed: 'cryptography' package is required for sha256_password or caching_sha2_password auth methods
2026-04-24 20:23:44,161 [INFO] Post-processing validation passed.
2026-04-24 20:23:55,825 [INFO] Ingesting file: data/marks.csv
2026-04-24 20:23:55,826 [INFO] Loaded 11 raw records from data/marks.csv
2026-04-24 20:23:55,826 [WARNING] Roll 104 rejected — ['invalid mark in math: -5']
2026-04-24 20:23:55,826 [WARNING] Roll 105 rejected — ['missing mark: physics']
2026-04-24 20:23:55,826 [WARNING] Roll 101 rejected — ['duplicate roll number']
2026-04-24 20:23:55,833 [INFO] SQLite: data saved to db/results.db
2026-04-24 20:23:55,845 [ERROR] MySQL save failed: 'cryptography' package is required for sha256_password or caching_sha2_password auth methods
2026-04-24 20:23:55,848 [INFO] Post-processing validation passed.
2026-04-24 20:25:07,313 [INFO] Ingesting file: data/marks.csv
2026-04-24 20:25:07,313 [INFO] Loaded 11 raw records from data/marks.csv
2026-04-24 20:25:07,314 [WARNING] Roll 104 rejected — ['invalid mark in math: -5']
2026-04-24 20:25:07,314 [WARNING] Roll 105 rejected — ['missing mark: physics']
2026-04-24 20:25:07,314 [WARNING] Roll 101 rejected — ['duplicate roll number']
2026-04-24 20:25:07,321 [INFO] SQLite: data saved to db/results.db
2026-04-24 20:25:07,868 [ERROR] MySQL save failed: (pymysql.err.OperationalError) (1045, "Access denied for user 'riya'@'localhost' (using password: YES)")
(Background on this error at: https://sqlalche.me/e/20/e3q8)
2026-04-24 20:25:07,874 [INFO] Post-processing validation passed.
2026-04-24 20:26:21,626 [INFO] Ingesting file: data/marks.csv
2026-04-24 20:26:21,631 [INFO] Loaded 11 raw records from data/marks.csv
2026-04-24 20:26:21,631 [WARNING] Roll 104 rejected — ['invalid mark in math: -5']
2026-04-24 20:26:21,631 [WARNING] Roll 105 rejected — ['missing mark: physics']
2026-04-24 20:26:21,632 [WARNING] Roll 101 rejected — ['duplicate roll number']
2026-04-24 20:26:21,646 [INFO] SQLite: data saved to db/results.db
2026-04-24 20:26:21,751 [INFO] MySQL: data saved successfully
2026-04-24 20:26:21,755 [INFO] Post-processing validation passed.
2026-04-24 20:28:06,495 [INFO] Ingesting file: data/marks.csv
2026-04-24 20:28:06,496 [INFO] Loaded 11 raw records from data/marks.csv
2026-04-24 20:28:06,496 [WARNING] Roll 104 rejected — ['invalid mark in math: -5']
2026-04-24 20:28:06,496 [WARNING] Roll 105 rejected — ['missing mark: physics']
2026-04-24 20:28:06,496 [WARNING] Roll 101 rejected — ['duplicate roll number']
2026-04-24 20:28:06,504 [INFO] SQLite: data saved to db/results.db
2026-04-24 20:28:06,593 [INFO] MySQL: data saved successfully
2026-04-24 20:28:06,597 [INFO] Post-processing validation passed.
2026-04-24 20:28:38,904 [INFO] Ingesting file: data/marks.csv
2026-04-24 20:28:38,905 [INFO] Loaded 11 raw records from data/marks.csv
2026-04-24 20:28:38,905 [WARNING] Roll 104 rejected — ['invalid mark in math: -5']
2026-04-24 20:28:38,905 [WARNING] Roll 105 rejected — ['missing mark: physics']
2026-04-24 20:28:38,905 [WARNING] Roll 101 rejected — ['duplicate roll number']
2026-04-24 20:28:38,913 [INFO] SQLite: data saved to db/results.db
2026-04-24 20:28:38,986 [INFO] MySQL: data saved successfully
2026-04-24 20:28:38,990 [INFO] Post-processing validation passed.
2026-04-24 20:33:50,901 [INFO] Ingesting file: data/marks.csv
2026-04-24 20:33:50,904 [INFO] Loaded 11 raw records from data/marks.csv
2026-04-24 20:33:50,904 [WARNING] Roll 104 rejected — ['invalid mark in math: -5']
2026-04-24 20:33:50,904 [WARNING] Roll 105 rejected — ['missing mark: physics']
2026-04-24 20:33:50,904 [WARNING] Roll 101 rejected — ['duplicate roll number']
2026-04-24 20:33:50,918 [INFO] SQLite: data saved to db/results.db
2026-04-24 20:33:51,014 [INFO] MySQL: data saved successfully
2026-04-24 20:33:51,018 [INFO] Post-processing validation passed.
2026-04-24 21:42:55,584 [INFO] Ingesting file: data/marks.csv
2026-04-24 21:43:59,103 [INFO] Ingesting file: data/marks.csv
2026-04-24 21:43:59,105 [INFO] Loaded 500 raw records from data/marks.csv
2026-04-24 21:43:59,106 [WARNING] Roll 1313 rejected — ['invalid mark in programming: -2.0']
2026-04-24 21:43:59,106 [WARNING] Roll 1180 rejected — ['missing mark: programming']
2026-04-24 21:43:59,106 [WARNING] Roll 1438 rejected — ['missing mark: chemistry']
2026-04-24 21:43:59,106 [WARNING] Roll 1369 rejected — ['invalid mark in chemistry: -1.0']
2026-04-24 21:43:59,106 [WARNING] Roll 1398 rejected — ['missing mark: english']
2026-04-24 21:43:59,107 [WARNING] Roll 1467 rejected — ['invalid mark in programming: -6.0']
2026-04-24 21:43:59,107 [WARNING] Roll 1382 rejected — ['missing mark: physics']
2026-04-24 21:43:59,107 [WARNING] Roll 1290 rejected — ['invalid mark in math: -10.0']
2026-04-24 21:43:59,107 [WARNING] Roll 1178 rejected — ['missing mark: chemistry']
2026-04-24 21:43:59,107 [WARNING] Roll 1423 rejected — ['missing mark: physics']
2026-04-24 21:43:59,107 [WARNING] Roll 1015 rejected — ['invalid mark in chemistry: -7.0']
2026-04-24 21:43:59,107 [WARNING] Roll 1242 rejected — ['invalid mark in chemistry: -3.0']
2026-04-24 21:43:59,107 [WARNING] Roll 1248 rejected — ['invalid mark in english: -10.0']
2026-04-24 21:43:59,108 [WARNING] Roll 1078 rejected — ['missing mark: math']
2026-04-24 21:43:59,108 [WARNING] Roll 1118 rejected — ['invalid mark in physics: -4.0']
2026-04-24 21:43:59,108 [WARNING] Roll 1030 rejected — ['missing mark: english']
2026-04-24 21:43:59,108 [WARNING] Roll 1435 rejected — ['invalid mark in math: -4.0']
2026-04-24 21:43:59,109 [WARNING] Roll 1102 rejected — ['missing mark: chemistry']
2026-04-24 21:43:59,109 [WARNING] Roll 1449 rejected — ['invalid mark in physics: -10.0']
2026-04-24 21:43:59,109 [WARNING] Roll 1035 rejected — ['invalid mark in chemistry: -6.0']
2026-04-24 21:43:59,110 [WARNING] Roll 1370 rejected — ['invalid mark in programming: -7.0']
2026-04-24 21:43:59,110 [WARNING] Roll 1020 rejected — ['invalid mark in programming: -1.0']
2026-04-24 21:43:59,110 [WARNING] Roll 1277 rejected — ['missing mark: english']
2026-04-24 21:43:59,110 [WARNING] Roll 1348 rejected — ['invalid mark in physics: -1.0']
2026-04-24 21:43:59,110 [WARNING] Roll 1051 rejected — ['missing mark: math']
2026-04-24 21:43:59,110 [WARNING] Roll 1121 rejected — ['invalid mark in math: -1.0']
2026-04-24 21:43:59,110 [WARNING] Roll 1443 rejected — ['invalid mark in math: -1.0']
2026-04-24 21:43:59,111 [WARNING] Roll 1197 rejected — ['missing mark: programming']
2026-04-24 21:43:59,112 [WARNING] Roll 1230 rejected — ['missing mark: math']
2026-04-24 21:43:59,112 [WARNING] Roll 1479 rejected — ['missing mark: programming']
2026-04-24 21:43:59,112 [WARNING] Roll 1006 rejected — ['duplicate roll number']
2026-04-24 21:43:59,112 [WARNING] Roll 1205 rejected — ['invalid mark in programming: -7.0']
2026-04-24 21:43:59,112 [WARNING] Roll 1134 rejected — ['missing mark: programming']
2026-04-24 21:43:59,113 [WARNING] Roll 1368 rejected — ['missing mark: physics', 'missing mark: english']
2026-04-24 21:43:59,114 [WARNING] Roll 1105 rejected — ['invalid mark in chemistry: -10.0']
2026-04-24 21:43:59,114 [WARNING] Roll 1224 rejected — ['invalid mark in chemistry: -4.0']
2026-04-24 21:43:59,114 [WARNING] Roll 1339 rejected — ['invalid mark in programming: -5.0']
2026-04-24 21:43:59,114 [WARNING] Roll 1251 rejected — ['missing mark: chemistry']
2026-04-24 21:43:59,114 [WARNING] Roll 1228 rejected — ['missing mark: physics']
2026-04-24 21:43:59,114 [WARNING] Roll 1074 rejected — ['missing mark: english']
2026-04-24 21:43:59,114 [WARNING] Roll 1011 rejected — ['duplicate roll number']
2026-04-24 21:43:59,115 [WARNING] Roll 1108 rejected — ['missing mark: programming']
2026-04-24 21:43:59,115 [WARNING] Roll 1456 rejected — ['missing mark: english']
2026-04-24 21:43:59,115 [WARNING] Roll 1362 rejected — ['invalid mark in english: -7.0']
2026-04-24 21:43:59,115 [WARNING] Roll 1392 rejected — ['missing mark: math']
2026-04-24 21:43:59,115 [WARNING] Roll 1409 rejected — ['invalid mark in physics: -3.0']
2026-04-24 21:43:59,115 [WARNING] Roll 1414 rejected — ['invalid mark in programming: -7.0']
2026-04-24 21:43:59,116 [WARNING] Roll 1177 rejected — ['invalid mark in physics: -4.0']
2026-04-24 21:43:59,116 [WARNING] Roll 1150 rejected — ['missing mark: math']
2026-04-24 21:43:59,116 [WARNING] Roll 1009 rejected — ['missing mark: programming']
2026-04-24 21:43:59,116 [WARNING] Roll 1323 rejected — ['invalid mark in english: -5.0']
2026-04-24 21:43:59,116 [WARNING] Roll 1054 rejected — ['invalid mark in math: -3.0']
2026-04-24 21:43:59,116 [WARNING] Roll 1333 rejected — ['missing mark: programming']
2026-04-24 21:43:59,117 [WARNING] Roll 1420 rejected — ['missing mark: math']
2026-04-24 21:43:59,117 [WARNING] Roll 1208 rejected — ['missing mark: physics']
2026-04-24 21:43:59,117 [WARNING] Roll 1185 rejected — ['missing mark: physics', 'invalid mark in programming: -9.0']
2026-04-24 21:43:59,117 [WARNING] Roll 1337 rejected — ['missing mark: chemistry']
2026-04-24 21:43:59,117 [WARNING] Roll 1463 rejected — ['missing mark: chemistry']
2026-04-24 21:43:59,118 [WARNING] Roll 1026 rejected — ['missing mark: physics']
2026-04-24 21:43:59,118 [WARNING] Roll 1094 rejected — ['invalid mark in math: -5.0']
2026-04-24 21:43:59,118 [WARNING] Roll 1394 rejected — ['invalid mark in english: -3.0']
2026-04-24 21:43:59,118 [WARNING] Roll 1186 rejected — ['invalid mark in physics: -5.0']
2026-04-24 21:43:59,118 [WARNING] Roll 1365 rejected — ['invalid mark in math: -9.0']
2026-04-24 21:43:59,118 [WARNING] Roll 1154 rejected — ['invalid mark in physics: -6.0']
2026-04-24 21:43:59,141 [INFO] SQLite: data saved to db/results.db
2026-04-24 21:43:59,261 [INFO] MySQL: data saved successfully
2026-04-24 21:43:59,305 [INFO] Post-processing validation passed.
2026-04-24 23:09:07,867 [INFO] Ingesting file: data/marks.csv
2026-04-24 23:09:07,870 [INFO] Loaded 500 raw records from data/marks.csv
2026-04-24 23:09:07,870 [WARNING] Roll 1313 rejected — ['invalid mark in programming: -2.0']
2026-04-24 23:09:07,870 [WARNING] Roll 1180 rejected — ['missing mark: programming']
2026-04-24 23:09:07,870 [WARNING] Roll 1438 rejected — ['missing mark: chemistry']
2026-04-24 23:09:07,870 [WARNING] Roll 1369 rejected — ['invalid mark in chemistry: -1.0']
2026-04-24 23:09:07,870 [WARNING] Roll 1398 rejected — ['missing mark: english']
2026-04-24 23:09:07,871 [WARNING] Roll 1467 rejected — ['invalid mark in programming: -6.0']
2026-04-24 23:09:07,871 [WARNING] Roll 1382 rejected — ['missing mark: physics']
2026-04-24 23:09:07,871 [WARNING] Roll 1290 rejected — ['invalid mark in math: -10.0']
2026-04-24 23:09:07,871 [WARNING] Roll 1178 rejected — ['missing mark: chemistry']
2026-04-24 23:09:07,871 [WARNING] Roll 1423 rejected — ['missing mark: physics']
2026-04-24 23:09:07,871 [WARNING] Roll 1015 rejected — ['invalid mark in chemistry: -7.0']
2026-04-24 23:09:07,871 [WARNING] Roll 1242 rejected — ['invalid mark in chemistry: -3.0']
2026-04-24 23:09:07,871 [WARNING] Roll 1248 rejected — ['invalid mark in english: -10.0']
2026-04-24 23:09:07,871 [WARNING] Roll 1078 rejected — ['missing mark: math']
2026-04-24 23:09:07,872 [WARNING] Roll 1118 rejected — ['invalid mark in physics: -4.0']
2026-04-24 23:09:07,872 [WARNING] Roll 1030 rejected — ['missing mark: english']
2026-04-24 23:09:07,872 [WARNING] Roll 1435 rejected — ['invalid mark in math: -4.0']
2026-04-24 23:09:07,873 [WARNING] Roll 1102 rejected — ['missing mark: chemistry']
2026-04-24 23:09:07,873 [WARNING] Roll 1449 rejected — ['invalid mark in physics: -10.0']
2026-04-24 23:09:07,873 [WARNING] Roll 1035 rejected — ['invalid mark in chemistry: -6.0']
2026-04-24 23:09:07,873 [WARNING] Roll 1370 rejected — ['invalid mark in programming: -7.0']
2026-04-24 23:09:07,874 [WARNING] Roll 1020 rejected — ['invalid mark in programming: -1.0']
2026-04-24 23:09:07,874 [WARNING] Roll 1277 rejected — ['missing mark: english']
2026-04-24 23:09:07,874 [WARNING] Roll 1348 rejected — ['invalid mark in physics: -1.0']
2026-04-24 23:09:07,874 [WARNING] Roll 1051 rejected — ['missing mark: math']
2026-04-24 23:09:07,874 [WARNING] Roll 1121 rejected — ['invalid mark in math: -1.0']
2026-04-24 23:09:07,874 [WARNING] Roll 1443 rejected — ['invalid mark in math: -1.0']
2026-04-24 23:09:07,875 [WARNING] Roll 1197 rejected — ['missing mark: programming']
2026-04-24 23:09:07,875 [WARNING] Roll 1230 rejected — ['missing mark: math']
2026-04-24 23:09:07,875 [WARNING] Roll 1479 rejected — ['missing mark: programming']
2026-04-24 23:09:07,876 [WARNING] Roll 1006 rejected — ['duplicate roll number']
2026-04-24 23:09:07,876 [WARNING] Roll 1205 rejected — ['invalid mark in programming: -7.0']
2026-04-24 23:09:07,876 [WARNING] Roll 1134 rejected — ['missing mark: programming']
2026-04-24 23:09:07,876 [WARNING] Roll 1368 rejected — ['missing mark: physics', 'missing mark: english']
2026-04-24 23:09:07,877 [WARNING] Roll 1105 rejected — ['invalid mark in chemistry: -10.0']
2026-04-24 23:09:07,877 [WARNING] Roll 1224 rejected — ['invalid mark in chemistry: -4.0']
2026-04-24 23:09:07,877 [WARNING] Roll 1339 rejected — ['invalid mark in programming: -5.0']
2026-04-24 23:09:07,877 [WARNING] Roll 1251 rejected — ['missing mark: chemistry']
2026-04-24 23:09:07,877 [WARNING] Roll 1228 rejected — ['missing mark: physics']
2026-04-24 23:09:07,878 [WARNING] Roll 1074 rejected — ['missing mark: english']
2026-04-24 23:09:07,878 [WARNING] Roll 1011 rejected — ['duplicate roll number']
2026-04-24 23:09:07,878 [WARNING] Roll 1108 rejected — ['missing mark: programming']
2026-04-24 23:09:07,878 [WARNING] Roll 1456 rejected — ['missing mark: english']
2026-04-24 23:09:07,878 [WARNING] Roll 1362 rejected — ['invalid mark in english: -7.0']
2026-04-24 23:09:07,878 [WARNING] Roll 1392 rejected — ['missing mark: math']
2026-04-24 23:09:07,879 [WARNING] Roll 1409 rejected — ['invalid mark in physics: -3.0']
2026-04-24 23:09:07,879 [WARNING] Roll 1414 rejected — ['invalid mark in programming: -7.0']
2026-04-24 23:09:07,879 [WARNING] Roll 1177 rejected — ['invalid mark in physics: -4.0']
2026-04-24 23:09:07,879 [WARNING] Roll 1150 rejected — ['missing mark: math']
2026-04-24 23:09:07,880 [WARNING] Roll 1009 rejected — ['missing mark: programming']
2026-04-24 23:09:07,880 [WARNING] Roll 1323 rejected — ['invalid mark in english: -5.0']
2026-04-24 23:09:07,880 [WARNING] Roll 1054 rejected — ['invalid mark in math: -3.0']
2026-04-24 23:09:07,880 [WARNING] Roll 1333 rejected — ['missing mark: programming']
2026-04-24 23:09:07,880 [WARNING] Roll 1420 rejected — ['missing mark: math']
2026-04-24 23:09:07,880 [WARNING] Roll 1208 rejected — ['missing mark: physics']
2026-04-24 23:09:07,880 [WARNING] Roll 1185 rejected — ['missing mark: physics', 'invalid mark in programming: -9.0']
2026-04-24 23:09:07,881 [WARNING] Roll 1337 rejected — ['missing mark: chemistry']
2026-04-24 23:09:07,881 [WARNING] Roll 1463 rejected — ['missing mark: chemistry']
2026-04-24 23:09:07,881 [WARNING] Roll 1026 rejected — ['missing mark: physics']
2026-04-24 23:09:07,881 [WARNING] Roll 1094 rejected — ['invalid mark in math: -5.0']
2026-04-24 23:09:07,881 [WARNING] Roll 1394 rejected — ['invalid mark in english: -3.0']
2026-04-24 23:09:07,881 [WARNING] Roll 1186 rejected — ['invalid mark in physics: -5.0']
2026-04-24 23:09:07,882 [WARNING] Roll 1365 rejected — ['invalid mark in math: -9.0']
2026-04-24 23:09:07,882 [WARNING] Roll 1154 rejected — ['invalid mark in physics: -6.0']
2026-04-24 23:09:07,904 [INFO] SQLite: data saved to db/results.db
2026-04-24 23:09:08,029 [INFO] MySQL: data saved successfully
2026-04-24 23:09:08,074 [INFO] Post-processing validation passed.
